<?xml version="1.0" encoding="UTF-8"?>
<!-- Generated by org.testng.reporters.JUnitXMLReporter -->
<testsuite hostname="SSUBRAM2-M-41A3" name="Command line test" tests="8" failures="0" timestamp="19 Oct 2017 14:47:37 GMT" time="0.025" errors="0">
  <testcase name="test1" time="0.008" classname="com.example.interview.AppTest"/>
  <testcase name="test2" time="0.001" classname="com.example.interview.AppTest"/>
  <testcase name="test3" time="0.0" classname="com.example.interview.AppTest"/>
  <testcase name="test4" time="0.0" classname="com.example.interview.AppTest"/>
  <testcase name="test5" time="0.001" classname="com.example.interview.AppTest"/>
  <testcase name="test6" time="0.0" classname="com.example.interview.AppTest"/>
  <testcase name="test7" time="0.0" classname="com.example.interview.AppTest"/>
  <testcase name="test8" time="0.001" classname="com.example.interview.AppTest"/>
</testsuite> <!-- Command line test -->
