<?xml version="1.0" encoding="UTF-8"?>
<testng-results skipped="0" failed="0" total="8" passed="8">
  <reporter-output>
  </reporter-output>
  <suite name="com.example.interview.AppTest" duration-ms="25" started-at="2017-10-19T14:47:37Z" finished-at="2017-10-19T14:47:37Z">
    <groups>
    </groups>
    <test name="Command line test" duration-ms="25" started-at="2017-10-19T14:47:37Z" finished-at="2017-10-19T14:47:37Z">
      <class name="com.example.interview.AppTest">
        <test-method status="PASS" signature="test1()[pri:0, instance:com.example.interview.AppTest@2ed94a8b]" name="test1" duration-ms="8" started-at="2017-10-19T07:47:37Z" finished-at="2017-10-19T07:47:37Z">
          <reporter-output>
          </reporter-output>
        </test-method> <!-- test1 -->
        <test-method status="PASS" signature="test2()[pri:0, instance:com.example.interview.AppTest@2ed94a8b]" name="test2" duration-ms="1" started-at="2017-10-19T07:47:37Z" finished-at="2017-10-19T07:47:37Z">
          <reporter-output>
          </reporter-output>
        </test-method> <!-- test2 -->
        <test-method status="PASS" signature="test3()[pri:0, instance:com.example.interview.AppTest@2ed94a8b]" name="test3" duration-ms="0" started-at="2017-10-19T07:47:37Z" finished-at="2017-10-19T07:47:37Z">
          <reporter-output>
          </reporter-output>
        </test-method> <!-- test3 -->
        <test-method status="PASS" signature="test4()[pri:0, instance:com.example.interview.AppTest@2ed94a8b]" name="test4" duration-ms="0" started-at="2017-10-19T07:47:37Z" finished-at="2017-10-19T07:47:37Z">
          <reporter-output>
          </reporter-output>
        </test-method> <!-- test4 -->
        <test-method status="PASS" signature="test5()[pri:0, instance:com.example.interview.AppTest@2ed94a8b]" name="test5" duration-ms="1" started-at="2017-10-19T07:47:37Z" finished-at="2017-10-19T07:47:37Z">
          <reporter-output>
          </reporter-output>
        </test-method> <!-- test5 -->
        <test-method status="PASS" signature="test6()[pri:0, instance:com.example.interview.AppTest@2ed94a8b]" name="test6" duration-ms="0" started-at="2017-10-19T07:47:37Z" finished-at="2017-10-19T07:47:37Z">
          <reporter-output>
          </reporter-output>
        </test-method> <!-- test6 -->
        <test-method status="PASS" signature="test8()[pri:0, instance:com.example.interview.AppTest@2ed94a8b]" name="test8" duration-ms="1" started-at="2017-10-19T07:47:37Z" finished-at="2017-10-19T07:47:37Z">
          <reporter-output>
          </reporter-output>
        </test-method> <!-- test8 -->
        <test-method status="PASS" signature="test7()[pri:0, instance:com.example.interview.AppTest@2ed94a8b]" name="test7" duration-ms="0" started-at="2017-10-19T07:47:37Z" finished-at="2017-10-19T07:47:37Z">
          <reporter-output>
          </reporter-output>
        </test-method> <!-- test7 -->
      </class> <!-- com.example.interview.AppTest -->
    </test> <!-- Command line test -->
  </suite> <!-- com.example.interview.AppTest -->
</testng-results>
