<?xml version="1.0" encoding="UTF-8"?>
<testng-results skipped="0" failed="0" total="1" passed="1">
  <reporter-output>
  </reporter-output>
  <suite name="Default suite" duration-ms="1118" started-at="2017-10-19T18:41:59Z" finished-at="2017-10-19T18:42:00Z">
    <groups>
    </groups>
    <test name="Default test" duration-ms="1118" started-at="2017-10-19T18:41:59Z" finished-at="2017-10-19T18:42:00Z">
      <class name="com.example.interview.AppTestRestClient">
        <test-method status="PASS" signature="validateJSONTrackID()[pri:0, instance:com.example.interview.AppTestRestClient@475530b9]" name="validateJSONTrackID" duration-ms="1106" started-at="2017-10-19T11:41:59Z" finished-at="2017-10-19T11:42:00Z">
          <reporter-output>
          </reporter-output>
        </test-method> <!-- validateJSONTrackID -->
      </class> <!-- com.example.interview.AppTestRestClient -->
    </test> <!-- Default test -->
  </suite> <!-- Default suite -->
</testng-results>
